<?xml version="1.0" encoding="UTF-8"?>
<!-- Generated by org.testng.reporters.JUnitXMLReporter -->
<testsuite ignored="0" hostname="DESKTOP-JI19CJ6" failures="0" tests="3" name="Test" time="114.848" errors="0" timestamp="2023-01-06T12:27:00 IST">
  <testcase classname="com.interview.AppTest" name="testlogin1" time="0.052"/>
  <testcase classname="com.interview.AppTest" name="testlogin2" time="0.002"/>
  <testcase classname="com.interview.TC_Login" name="login_Test" time="114.677"/>
</testsuite> <!-- Test -->
