<?xml version="1.0" encoding="UTF-8"?>
<!-- Generated by org.testng.reporters.JUnitXMLReporter -->
<testsuite hostname="DESKTOP-JI19CJ6" name="Test" tests="3" failures="0" timestamp="7 Jan 2023 06:36:09 GMT" time="48.715" errors="0">
  <testcase name="testlogin1" time="0.02" classname="com.interview.AppTest"/>
  <testcase name="testlogin2" time="0.003" classname="com.interview.AppTest"/>
  <testcase name="login_Test" time="48.665" classname="com.interview.TC_Login"/>
</testsuite> <!-- Test -->
