<?xml version="1.0" encoding="UTF-8"?>
<testng-results skipped="0" failed="0" total="3" passed="3">
  <reporter-output>
  </reporter-output>
  <suite name="Suite" duration-ms="48715" started-at="2023-01-07T06:35:21Z" finished-at="2023-01-07T06:36:09Z">
    <groups>
    </groups>
    <test name="Test" duration-ms="48715" started-at="2023-01-07T06:35:21Z" finished-at="2023-01-07T06:36:09Z">
      <class name="com.interview.AppTest">
        <test-method status="PASS" signature="testlogin1()[pri:0, instance:com.interview.AppTest@bef2d72]" name="testlogin1" duration-ms="20" started-at="2023-01-07T12:05:21Z" finished-at="2023-01-07T12:05:21Z">
          <reporter-output>
          </reporter-output>
        </test-method> <!-- testlogin1 -->
        <test-method status="PASS" signature="testlogin2()[pri:0, instance:com.interview.AppTest@bef2d72]" name="testlogin2" duration-ms="3" started-at="2023-01-07T12:05:21Z" finished-at="2023-01-07T12:05:21Z">
          <reporter-output>
          </reporter-output>
        </test-method> <!-- testlogin2 -->
      </class> <!-- com.interview.AppTest -->
      <class name="com.interview.TC_Login">
        <test-method status="PASS" signature="login_Test()[pri:0, instance:com.interview.TC_Login@3c22fc4c]" name="login_Test" duration-ms="48665" started-at="2023-01-07T12:05:21Z" finished-at="2023-01-07T12:06:09Z">
          <reporter-output>
          </reporter-output>
        </test-method> <!-- login_Test -->
      </class> <!-- com.interview.TC_Login -->
    </test> <!-- Test -->
  </suite> <!-- Suite -->
</testng-results>
