<?xml version="1.0" encoding="UTF-8"?>
<testng-results ignored="0" total="3" passed="3" failed="0" skipped="0">
  <reporter-output>
  </reporter-output>
  <suite started-at="2023-01-06T12:25:04 IST" name="Suite" finished-at="2023-01-06T12:26:59 IST" duration-ms="114848">
    <groups>
    </groups>
    <test started-at="2023-01-06T12:25:04 IST" name="Test" finished-at="2023-01-06T12:26:59 IST" duration-ms="114848">
      <class name="com.interview.AppTest">
        <test-method signature="testlogin1()[pri:0, instance:com.interview.AppTest@506ae4d4]" started-at="2023-01-06T12:25:04 IST" name="testlogin1" finished-at="2023-01-06T12:25:04 IST" duration-ms="52" status="PASS">
          <reporter-output>
          </reporter-output>
        </test-method> <!-- testlogin1 -->
        <test-method signature="testlogin2()[pri:0, instance:com.interview.AppTest@506ae4d4]" started-at="2023-01-06T12:25:04 IST" name="testlogin2" finished-at="2023-01-06T12:25:04 IST" duration-ms="2" status="PASS">
          <reporter-output>
          </reporter-output>
        </test-method> <!-- testlogin2 -->
      </class> <!-- com.interview.AppTest -->
      <class name="com.interview.TC_Login">
        <test-method signature="login_Test()[pri:0, instance:com.interview.TC_Login@5e600dd5]" started-at="2023-01-06T12:25:04 IST" name="login_Test" finished-at="2023-01-06T12:26:59 IST" duration-ms="114677" status="PASS">
          <reporter-output>
          </reporter-output>
        </test-method> <!-- login_Test -->
      </class> <!-- com.interview.TC_Login -->
    </test> <!-- Test -->
  </suite> <!-- Suite -->
</testng-results>
